mode: set
github.com/greatliontech/pbr/internal/registry/cas/module.go:21.30,23.2 1 1
github.com/greatliontech/pbr/internal/registry/cas/module.go:26.35,28.2 1 0
github.com/greatliontech/pbr/internal/registry/cas/module.go:31.33,33.2 1 1
github.com/greatliontech/pbr/internal/registry/cas/module.go:36.32,38.2 1 1
github.com/greatliontech/pbr/internal/registry/cas/module.go:41.39,43.2 1 0
github.com/greatliontech/pbr/internal/registry/cas/module.go:46.44,48.2 1 0
github.com/greatliontech/pbr/internal/registry/cas/module.go:52.75,55.15 2 1
github.com/greatliontech/pbr/internal/registry/cas/module.go:55.15,57.3 1 0
github.com/greatliontech/pbr/internal/registry/cas/module.go:59.2,60.16 2 1
github.com/greatliontech/pbr/internal/registry/cas/module.go:60.16,62.3 1 0
github.com/greatliontech/pbr/internal/registry/cas/module.go:64.2,64.42 1 1
github.com/greatliontech/pbr/internal/registry/cas/module.go:68.78,72.16 3 1
github.com/greatliontech/pbr/internal/registry/cas/module.go:72.16,74.3 1 0
github.com/greatliontech/pbr/internal/registry/cas/module.go:77.2,77.36 1 1
github.com/greatliontech/pbr/internal/registry/cas/module.go:77.36,79.3 1 0
github.com/greatliontech/pbr/internal/registry/cas/module.go:81.2,87.8 1 1
github.com/greatliontech/pbr/internal/registry/cas/module.go:91.91,93.16 2 0
github.com/greatliontech/pbr/internal/registry/cas/module.go:93.16,95.3 1 0
github.com/greatliontech/pbr/internal/registry/cas/module.go:96.2,97.16 2 0
github.com/greatliontech/pbr/internal/registry/cas/module.go:97.16,99.3 1 0
github.com/greatliontech/pbr/internal/registry/cas/module.go:100.2,100.27 1 0
github.com/greatliontech/pbr/internal/registry/cas/module.go:104.106,106.16 2 1
github.com/greatliontech/pbr/internal/registry/cas/module.go:106.16,108.3 1 0
github.com/greatliontech/pbr/internal/registry/cas/module.go:109.2,110.16 2 1
github.com/greatliontech/pbr/internal/registry/cas/module.go:110.16,112.3 1 0
github.com/greatliontech/pbr/internal/registry/cas/module.go:113.2,113.27 1 1
github.com/greatliontech/pbr/internal/registry/cas/module.go:117.86,119.16 2 1
github.com/greatliontech/pbr/internal/registry/cas/module.go:119.16,121.3 1 0
github.com/greatliontech/pbr/internal/registry/cas/module.go:123.2,124.41 2 1
github.com/greatliontech/pbr/internal/registry/cas/module.go:124.41,126.17 2 1
github.com/greatliontech/pbr/internal/registry/cas/module.go:126.17,128.4 1 0
github.com/greatliontech/pbr/internal/registry/cas/module.go:130.3,132.17 3 1
github.com/greatliontech/pbr/internal/registry/cas/module.go:132.17,134.4 1 0
github.com/greatliontech/pbr/internal/registry/cas/module.go:136.3,140.5 1 1
github.com/greatliontech/pbr/internal/registry/cas/module.go:143.2,143.19 1 1
github.com/greatliontech/pbr/internal/registry/cas/module.go:147.77,149.16 2 0
github.com/greatliontech/pbr/internal/registry/cas/module.go:149.16,151.3 1 0
github.com/greatliontech/pbr/internal/registry/cas/module.go:152.2,152.30 1 0
github.com/greatliontech/pbr/internal/registry/cas/module.go:156.90,158.16 2 0
github.com/greatliontech/pbr/internal/registry/cas/module.go:158.16,160.3 1 0
github.com/greatliontech/pbr/internal/registry/cas/module.go:161.2,161.30 1 0
github.com/greatliontech/pbr/internal/registry/cas/module.go:164.63,165.26 1 0
github.com/greatliontech/pbr/internal/registry/cas/module.go:165.26,166.27 1 0
github.com/greatliontech/pbr/internal/registry/cas/module.go:166.27,168.4 1 0
github.com/greatliontech/pbr/internal/registry/cas/module.go:170.2,170.46 1 0
github.com/greatliontech/pbr/internal/registry/cas/module.go:175.125,181.26 3 1
github.com/greatliontech/pbr/internal/registry/cas/module.go:181.26,183.17 2 1
github.com/greatliontech/pbr/internal/registry/cas/module.go:183.17,185.4 1 0
github.com/greatliontech/pbr/internal/registry/cas/module.go:187.3,190.5 1 1
github.com/greatliontech/pbr/internal/registry/cas/module.go:194.2,195.16 2 1
github.com/greatliontech/pbr/internal/registry/cas/module.go:195.16,197.3 1 0
github.com/greatliontech/pbr/internal/registry/cas/module.go:200.2,201.83 2 1
github.com/greatliontech/pbr/internal/registry/cas/module.go:201.83,204.36 2 1
github.com/greatliontech/pbr/internal/registry/cas/module.go:204.36,205.75 1 1
github.com/greatliontech/pbr/internal/registry/cas/module.go:205.75,207.5 1 0
github.com/greatliontech/pbr/internal/registry/cas/module.go:209.3,215.9 1 1
github.com/greatliontech/pbr/internal/registry/cas/module.go:220.2,231.76 3 1
github.com/greatliontech/pbr/internal/registry/cas/module.go:231.76,233.3 1 0
github.com/greatliontech/pbr/internal/registry/cas/module.go:236.2,236.35 1 1
github.com/greatliontech/pbr/internal/registry/cas/module.go:236.35,237.65 1 1
github.com/greatliontech/pbr/internal/registry/cas/module.go:237.65,239.4 1 0
github.com/greatliontech/pbr/internal/registry/cas/module.go:242.2,248.8 1 1
github.com/greatliontech/pbr/internal/registry/cas/module.go:251.80,259.2 2 1
github.com/greatliontech/pbr/internal/registry/cas/module.go:262.107,264.16 2 0
github.com/greatliontech/pbr/internal/registry/cas/module.go:264.16,266.3 1 0
github.com/greatliontech/pbr/internal/registry/cas/module.go:268.2,269.33 2 0
github.com/greatliontech/pbr/internal/registry/cas/module.go:269.33,277.3 1 0
github.com/greatliontech/pbr/internal/registry/cas/module.go:279.2,279.32 1 0
github.com/greatliontech/pbr/internal/registry/cas/module.go:283.82,285.2 1 0
github.com/greatliontech/pbr/internal/registry/cas/registry.go:28.13,35.2 1 1
github.com/greatliontech/pbr/internal/registry/cas/registry.go:38.38,40.2 1 0
github.com/greatliontech/pbr/internal/registry/cas/registry.go:43.85,47.16 3 1
github.com/greatliontech/pbr/internal/registry/cas/registry.go:47.16,49.3 1 0
github.com/greatliontech/pbr/internal/registry/cas/registry.go:51.2,54.8 1 1
github.com/greatliontech/pbr/internal/registry/cas/registry.go:58.80,62.16 3 1
github.com/greatliontech/pbr/internal/registry/cas/registry.go:62.16,64.3 1 0
github.com/greatliontech/pbr/internal/registry/cas/registry.go:66.2,69.8 1 1
github.com/greatliontech/pbr/internal/registry/cas/registry.go:73.92,77.16 3 1
github.com/greatliontech/pbr/internal/registry/cas/registry.go:77.16,79.3 1 0
github.com/greatliontech/pbr/internal/registry/cas/registry.go:81.2,81.43 1 1
github.com/greatliontech/pbr/internal/registry/cas/registry.go:85.104,91.32 4 1
github.com/greatliontech/pbr/internal/registry/cas/registry.go:91.32,98.101 2 1
github.com/greatliontech/pbr/internal/registry/cas/registry.go:98.101,100.4 1 0
github.com/greatliontech/pbr/internal/registry/cas/registry.go:101.8,101.23 1 1
github.com/greatliontech/pbr/internal/registry/cas/registry.go:101.23,103.3 1 0
github.com/greatliontech/pbr/internal/registry/cas/registry.go:105.2,119.61 4 1
github.com/greatliontech/pbr/internal/registry/cas/registry.go:119.61,120.38 1 1
github.com/greatliontech/pbr/internal/registry/cas/registry.go:120.38,123.4 1 1
github.com/greatliontech/pbr/internal/registry/cas/registry.go:124.3,124.61 1 0
github.com/greatliontech/pbr/internal/registry/cas/registry.go:127.2,130.8 1 1
github.com/greatliontech/pbr/internal/registry/cas/registry.go:134.96,136.16 2 0
github.com/greatliontech/pbr/internal/registry/cas/registry.go:136.16,138.3 1 0
github.com/greatliontech/pbr/internal/registry/cas/registry.go:139.2,139.32 1 0
github.com/greatliontech/pbr/internal/registry/cas/registry.go:139.32,141.3 1 0
github.com/greatliontech/pbr/internal/registry/cas/registry.go:142.2,142.45 1 0
github.com/greatliontech/pbr/internal/registry/cas/registry.go:146.80,150.16 3 0
github.com/greatliontech/pbr/internal/registry/cas/registry.go:150.16,152.3 1 0
github.com/greatliontech/pbr/internal/registry/cas/registry.go:154.2,154.48 1 0
github.com/greatliontech/pbr/internal/registry/cas/registry.go:158.86,163.16 4 0
github.com/greatliontech/pbr/internal/registry/cas/registry.go:163.16,165.3 1 0
github.com/greatliontech/pbr/internal/registry/cas/registry.go:167.2,168.33 2 0
github.com/greatliontech/pbr/internal/registry/cas/registry.go:168.33,173.3 1 0
github.com/greatliontech/pbr/internal/registry/cas/registry.go:174.2,174.21 1 0
github.com/greatliontech/pbr/internal/registry/cas/registry.go:178.88,180.2 1 0
github.com/greatliontech/pbr/internal/registry/cas/registry.go:183.96,185.2 1 0
github.com/greatliontech/pbr/internal/registry/cas/registry.go:218.53,224.29 4 1
github.com/greatliontech/pbr/internal/registry/cas/registry.go:224.29,226.49 2 1
github.com/greatliontech/pbr/internal/registry/cas/registry.go:226.49,227.12 1 1
github.com/greatliontech/pbr/internal/registry/cas/registry.go:230.3,230.22 1 1
github.com/greatliontech/pbr/internal/registry/cas/registry.go:230.22,231.12 1 1
github.com/greatliontech/pbr/internal/registry/cas/registry.go:234.3,234.43 1 1
github.com/greatliontech/pbr/internal/registry/cas/registry.go:234.43,235.25 1 1
github.com/greatliontech/pbr/internal/registry/cas/registry.go:235.25,237.5 1 1
github.com/greatliontech/pbr/internal/registry/cas/registry.go:238.4,240.5 1 1
github.com/greatliontech/pbr/internal/registry/cas/registry.go:241.9,241.31 1 1
github.com/greatliontech/pbr/internal/registry/cas/registry.go:241.31,242.41 1 1
github.com/greatliontech/pbr/internal/registry/cas/registry.go:242.41,244.5 1 1
github.com/greatliontech/pbr/internal/registry/cas/registry.go:244.10,244.53 1 1
github.com/greatliontech/pbr/internal/registry/cas/registry.go:244.53,246.5 1 1
github.com/greatliontech/pbr/internal/registry/cas/registry.go:246.10,246.49 1 1
github.com/greatliontech/pbr/internal/registry/cas/registry.go:246.49,248.5 1 1
github.com/greatliontech/pbr/internal/registry/cas/registry.go:248.10,248.49 1 1
github.com/greatliontech/pbr/internal/registry/cas/registry.go:248.49,250.5 1 1
github.com/greatliontech/pbr/internal/registry/cas/registry.go:254.2,254.23 1 1
github.com/greatliontech/pbr/internal/registry/cas/registry.go:254.23,256.3 1 1
github.com/greatliontech/pbr/internal/registry/cas/registry.go:258.2,258.18 1 1
github.com/greatliontech/pbr/internal/config/config.go:74.45,76.45 2 1
github.com/greatliontech/pbr/internal/config/config.go:76.45,78.3 1 1
github.com/greatliontech/pbr/internal/config/config.go:79.2,79.38 1 1
github.com/greatliontech/pbr/internal/config/config.go:79.38,82.17 2 1
github.com/greatliontech/pbr/internal/config/config.go:82.17,84.4 1 0
github.com/greatliontech/pbr/internal/config/config.go:85.3,88.17 3 1
github.com/greatliontech/pbr/internal/config/config.go:88.17,90.4 1 0
github.com/greatliontech/pbr/internal/config/config.go:91.3,93.25 2 1
github.com/greatliontech/pbr/internal/config/config.go:93.25,95.18 2 0
github.com/greatliontech/pbr/internal/config/config.go:95.18,97.5 1 0
github.com/greatliontech/pbr/internal/config/config.go:98.4,98.32 1 0
github.com/greatliontech/pbr/internal/config/config.go:100.3,100.27 1 1
github.com/greatliontech/pbr/internal/config/config.go:102.2,103.16 2 1
github.com/greatliontech/pbr/internal/config/config.go:103.16,105.3 1 0
github.com/greatliontech/pbr/internal/config/config.go:106.2,107.28 2 1
github.com/greatliontech/pbr/internal/config/config.go:107.28,109.17 2 1
github.com/greatliontech/pbr/internal/config/config.go:109.17,111.4 1 0
github.com/greatliontech/pbr/internal/config/config.go:112.3,112.17 1 1
github.com/greatliontech/pbr/internal/config/config.go:114.2,114.52 1 1
github.com/greatliontech/pbr/internal/config/config.go:114.52,116.17 2 1
github.com/greatliontech/pbr/internal/config/config.go:116.17,118.4 1 0
github.com/greatliontech/pbr/internal/config/config.go:119.3,120.17 2 1
github.com/greatliontech/pbr/internal/config/config.go:120.17,122.4 1 0
github.com/greatliontech/pbr/internal/config/config.go:123.3,124.17 2 1
github.com/greatliontech/pbr/internal/config/config.go:124.17,126.4 1 0
github.com/greatliontech/pbr/internal/config/config.go:127.3,128.17 2 1
github.com/greatliontech/pbr/internal/config/config.go:128.17,130.4 1 0
github.com/greatliontech/pbr/internal/config/config.go:131.3,131.41 1 1
github.com/greatliontech/pbr/internal/config/config.go:133.2,133.15 1 1
github.com/greatliontech/pbr/internal/config/config.go:136.42,138.16 2 1
github.com/greatliontech/pbr/internal/config/config.go:138.16,140.3 1 0
github.com/greatliontech/pbr/internal/config/config.go:141.2,141.23 1 1
github.com/greatliontech/pbr/e2e/cert/gen.go:14.13,17.16 2 0
github.com/greatliontech/pbr/e2e/cert/gen.go:17.16,18.13 1 0
github.com/greatliontech/pbr/e2e/cert/gen.go:22.2,37.16 3 0
github.com/greatliontech/pbr/e2e/cert/gen.go:37.16,38.13 1 0
github.com/greatliontech/pbr/e2e/cert/gen.go:42.2,43.16 2 0
github.com/greatliontech/pbr/e2e/cert/gen.go:43.16,44.13 1 0
github.com/greatliontech/pbr/e2e/cert/gen.go:46.2,50.70 3 0
github.com/greatliontech/pbr/e2e/cert/gen.go:50.70,51.13 1 0
github.com/greatliontech/pbr/e2e/cert/gen.go:55.2,56.16 2 0
github.com/greatliontech/pbr/e2e/cert/gen.go:56.16,57.13 1 0
github.com/greatliontech/pbr/e2e/cert/gen.go:59.2,63.58 3 0
github.com/greatliontech/pbr/e2e/cert/gen.go:63.58,64.13 1 0
github.com/greatliontech/pbr/e2e/cert/gen.go:68.2,69.16 2 0
github.com/greatliontech/pbr/e2e/cert/gen.go:69.16,70.13 1 0
github.com/greatliontech/pbr/e2e/cert/gen.go:74.2,90.16 4 0
github.com/greatliontech/pbr/e2e/cert/gen.go:90.16,91.13 1 0
github.com/greatliontech/pbr/e2e/cert/gen.go:95.2,96.16 2 0
github.com/greatliontech/pbr/e2e/cert/gen.go:96.16,97.13 1 0
github.com/greatliontech/pbr/e2e/cert/gen.go:99.2,101.51 3 0
github.com/greatliontech/pbr/e2e/cert/gen.go:101.51,102.13 1 0
github.com/greatliontech/pbr/e2e/cert/gen.go:106.2,107.16 2 0
github.com/greatliontech/pbr/e2e/cert/gen.go:107.16,108.13 1 0
github.com/greatliontech/pbr/e2e/cert/gen.go:110.2,112.53 3 0
github.com/greatliontech/pbr/e2e/cert/gen.go:112.53,113.13 1 0
github.com/greatliontech/pbr/internal/codegen/ocifsrunner.go:26.76,31.2 1 0
github.com/greatliontech/pbr/internal/codegen/ocifsrunner.go:33.78,34.22 1 0
github.com/greatliontech/pbr/internal/codegen/ocifsrunner.go:34.22,36.3 1 0
github.com/greatliontech/pbr/internal/codegen/ocifsrunner.go:39.2,40.16 2 0
github.com/greatliontech/pbr/internal/codegen/ocifsrunner.go:40.16,42.3 1 0
github.com/greatliontech/pbr/internal/codegen/ocifsrunner.go:45.2,46.16 2 0
github.com/greatliontech/pbr/internal/codegen/ocifsrunner.go:46.16,50.3 3 0
github.com/greatliontech/pbr/internal/codegen/ocifsrunner.go:52.2,57.16 4 0
github.com/greatliontech/pbr/internal/codegen/ocifsrunner.go:57.16,61.3 3 0
github.com/greatliontech/pbr/internal/codegen/ocifsrunner.go:64.2,65.16 2 0
github.com/greatliontech/pbr/internal/codegen/ocifsrunner.go:65.16,69.3 3 0
github.com/greatliontech/pbr/internal/codegen/ocifsrunner.go:71.2,74.20 3 0
github.com/greatliontech/pbr/internal/codegen/ocifsrunner.go:74.20,76.3 1 0
github.com/greatliontech/pbr/internal/codegen/ocifsrunner.go:77.2,77.20 1 0
github.com/greatliontech/pbr/internal/codegen/ocifsrunner.go:77.20,79.3 1 0
github.com/greatliontech/pbr/internal/codegen/ocifsrunner.go:81.2,127.16 4 0
github.com/greatliontech/pbr/internal/codegen/ocifsrunner.go:127.16,130.3 2 0
github.com/greatliontech/pbr/internal/codegen/ocifsrunner.go:133.2,133.37 1 0
github.com/greatliontech/pbr/internal/codegen/ocifsrunner.go:133.37,136.3 2 0
github.com/greatliontech/pbr/internal/codegen/ocifsrunner.go:138.2,139.16 2 0
github.com/greatliontech/pbr/internal/codegen/ocifsrunner.go:139.16,143.3 3 0
github.com/greatliontech/pbr/internal/codegen/ocifsrunner.go:144.2,145.16 2 0
github.com/greatliontech/pbr/internal/codegen/ocifsrunner.go:145.16,150.3 4 0
github.com/greatliontech/pbr/internal/codegen/ocifsrunner.go:151.2,152.16 2 0
github.com/greatliontech/pbr/internal/codegen/ocifsrunner.go:152.16,157.3 4 0
github.com/greatliontech/pbr/internal/codegen/ocifsrunner.go:159.2,170.25 2 0
github.com/greatliontech/pbr/internal/codegen/ocifsrunner.go:170.26,170.27 0 0
github.com/greatliontech/pbr/internal/codegen/ocifsrunner.go:171.2,173.15 2 0
github.com/greatliontech/pbr/internal/codegen/ocifsrunner.go:194.47,194.65 1 0
github.com/greatliontech/pbr/internal/codegen/ocifsrunner.go:195.47,195.66 1 0
github.com/greatliontech/pbr/internal/codegen/ocifsrunner.go:196.47,196.66 1 0
github.com/greatliontech/pbr/internal/codegen/ocifsrunner.go:198.42,199.23 1 0
github.com/greatliontech/pbr/internal/codegen/ocifsrunner.go:199.23,204.10 3 0
github.com/greatliontech/pbr/internal/codegen/ocifsrunner.go:204.10,207.4 2 0
github.com/greatliontech/pbr/internal/codegen/ocifsrunner.go:208.3,209.17 2 0
github.com/greatliontech/pbr/internal/codegen/ocifsrunner.go:209.17,212.4 2 0
github.com/greatliontech/pbr/internal/codegen/ocifsrunner.go:213.3,213.47 1 0
github.com/greatliontech/pbr/internal/codegen/ocifsrunner.go:215.2,215.21 1 0
github.com/greatliontech/pbr/internal/codegen/ocifsrunner.go:218.38,220.24 2 0
github.com/greatliontech/pbr/internal/codegen/ocifsrunner.go:220.24,222.21 1 0
github.com/greatliontech/pbr/internal/codegen/ocifsrunner.go:222.21,224.4 1 0
github.com/greatliontech/pbr/internal/codegen/ocifsrunner.go:225.3,226.40 2 0
github.com/greatliontech/pbr/internal/codegen/ocifsrunner.go:228.2,228.13 1 0
github.com/greatliontech/pbr/internal/codegen/ocifsrunner.go:231.38,232.18 1 0
github.com/greatliontech/pbr/internal/codegen/ocifsrunner.go:232.18,234.3 1 0
github.com/greatliontech/pbr/internal/codegen/ocifsrunner.go:235.2,236.25 2 0
github.com/greatliontech/pbr/internal/codegen/ocifsrunner.go:236.25,238.47 1 0
github.com/greatliontech/pbr/internal/codegen/ocifsrunner.go:238.47,240.4 1 0
github.com/greatliontech/pbr/internal/codegen/ocifsrunner.go:241.3,241.21 1 0
github.com/greatliontech/pbr/internal/codegen/ocifsrunner.go:241.21,243.4 1 0
github.com/greatliontech/pbr/internal/codegen/ocifsrunner.go:249.114,253.30 3 0
github.com/greatliontech/pbr/internal/codegen/ocifsrunner.go:253.30,255.3 1 0
github.com/greatliontech/pbr/internal/codegen/ocifsrunner.go:255.8,257.3 1 0
github.com/greatliontech/pbr/internal/codegen/ocifsrunner.go:259.2,259.27 1 0
github.com/greatliontech/pbr/internal/codegen/ocifsrunner.go:259.27,261.3 1 0
github.com/greatliontech/pbr/internal/codegen/ocifsrunner.go:261.8,263.3 1 0
github.com/greatliontech/pbr/internal/codegen/ocifsrunner.go:265.2,265.18 1 0
github.com/greatliontech/pbr/internal/codegen/ocifsrunner.go:265.18,267.3 1 0
github.com/greatliontech/pbr/internal/codegen/ocifsrunner.go:269.2,271.17 3 0
github.com/greatliontech/pbr/internal/codegen/ocifsrunner.go:271.17,273.3 1 0
github.com/greatliontech/pbr/internal/codegen/ocifsrunner.go:274.2,274.19 1 0
github.com/greatliontech/pbr/internal/codegen/ocifsrunner.go:274.19,276.3 1 0
github.com/greatliontech/pbr/internal/codegen/ocifsrunner.go:277.2,277.29 1 0
github.com/greatliontech/pbr/internal/codegen/ocifsrunner.go:280.64,282.15 2 0
github.com/greatliontech/pbr/internal/codegen/ocifsrunner.go:282.15,283.38 1 0
github.com/greatliontech/pbr/internal/codegen/ocifsrunner.go:283.38,285.4 1 0
github.com/greatliontech/pbr/internal/codegen/ocifsrunner.go:287.3,287.38 1 0
github.com/greatliontech/pbr/internal/codegen/ocifsrunner.go:287.38,288.75 1 0
github.com/greatliontech/pbr/internal/codegen/ocifsrunner.go:288.75,290.5 1 0
github.com/greatliontech/pbr/internal/codegen/ocifsrunner.go:293.2,293.20 1 0
github.com/greatliontech/pbr/internal/codegen/ocifsrunner.go:293.20,294.83 1 0
github.com/greatliontech/pbr/internal/codegen/ocifsrunner.go:294.83,296.4 1 0
github.com/greatliontech/pbr/internal/codegen/ocifsrunner.go:298.2,298.29 1 0
github.com/greatliontech/pbr/internal/codegen/ocifsrunner.go:303.37,304.17 1 0
github.com/greatliontech/pbr/internal/codegen/ocifsrunner.go:304.17,306.3 1 0
github.com/greatliontech/pbr/internal/codegen/ocifsrunner.go:309.2,310.32 2 0
github.com/greatliontech/pbr/internal/codegen/ocifsrunner.go:310.32,312.3 1 0
github.com/greatliontech/pbr/internal/codegen/ocifsrunner.go:315.2,316.34 2 0
github.com/greatliontech/pbr/internal/codegen/ocifsrunner.go:316.34,318.51 1 0
github.com/greatliontech/pbr/internal/codegen/ocifsrunner.go:318.51,320.4 1 0
github.com/greatliontech/pbr/internal/codegen/ocifsrunner.go:321.3,321.35 1 0
github.com/greatliontech/pbr/internal/codegen/ocifsrunner.go:325.2,326.34 2 0
github.com/greatliontech/pbr/internal/codegen/ocifsrunner.go:326.34,328.3 1 0
github.com/greatliontech/pbr/internal/codegen/ocifsrunner.go:330.2,330.12 1 0
github.com/greatliontech/pbr/internal/codegen/ocifsrunner.go:333.33,337.2 3 0
github.com/greatliontech/pbr/internal/codegen/ocifsrunner.go:339.31,344.2 3 0
github.com/greatliontech/pbr/internal/codegen/plugin.go:23.72,29.2 1 0
github.com/greatliontech/pbr/internal/codegen/plugin.go:31.33,33.2 1 0
github.com/greatliontech/pbr/internal/codegen/plugin.go:35.114,37.33 2 0
github.com/greatliontech/pbr/internal/codegen/plugin.go:37.33,39.3 1 0
github.com/greatliontech/pbr/internal/codegen/plugin.go:40.2,40.15 1 0
github.com/greatliontech/pbr/internal/codegen/plugin.go:40.15,42.3 1 0
github.com/greatliontech/pbr/internal/codegen/plugin.go:45.2,46.16 2 0
github.com/greatliontech/pbr/internal/codegen/plugin.go:46.16,49.3 2 0
github.com/greatliontech/pbr/internal/codegen/plugin.go:50.2,55.16 4 0
github.com/greatliontech/pbr/internal/codegen/plugin.go:55.16,57.3 1 0
github.com/greatliontech/pbr/internal/codegen/plugin.go:60.2,61.26 2 0
github.com/greatliontech/pbr/internal/codegen/plugin.go:61.26,63.3 1 0
github.com/greatliontech/pbr/internal/codegen/plugin.go:65.2,66.16 2 0
github.com/greatliontech/pbr/internal/codegen/plugin.go:66.16,69.3 2 0
github.com/greatliontech/pbr/internal/codegen/plugin.go:70.2,110.16 5 0
github.com/greatliontech/pbr/internal/codegen/plugin.go:110.16,113.3 2 0
github.com/greatliontech/pbr/internal/codegen/plugin.go:115.2,116.25 2 0
github.com/greatliontech/pbr/internal/codegen/plugin.go:116.25,118.3 1 0
github.com/greatliontech/pbr/internal/codegen/plugin.go:119.2,119.30 1 0
github.com/greatliontech/pbr/internal/codegen/plugin.go:119.30,121.3 1 0
github.com/greatliontech/pbr/internal/codegen/plugin.go:123.2,131.37 2 0
github.com/greatliontech/pbr/internal/codegen/plugin.go:131.37,134.3 2 0
github.com/greatliontech/pbr/internal/codegen/plugin.go:136.2,137.16 2 0
github.com/greatliontech/pbr/internal/codegen/plugin.go:137.16,140.3 2 0
github.com/greatliontech/pbr/internal/codegen/plugin.go:142.2,143.16 2 0
github.com/greatliontech/pbr/internal/codegen/plugin.go:143.16,146.3 2 0
github.com/greatliontech/pbr/internal/codegen/plugin.go:148.2,149.16 2 0
github.com/greatliontech/pbr/internal/codegen/plugin.go:149.16,152.3 2 0
github.com/greatliontech/pbr/internal/codegen/plugin.go:154.2,158.16 3 0
github.com/greatliontech/pbr/internal/codegen/plugin.go:158.16,161.3 2 0
github.com/greatliontech/pbr/internal/codegen/plugin.go:164.2,164.47 1 0
github.com/greatliontech/pbr/internal/codegen/plugin.go:164.47,167.3 2 0
github.com/greatliontech/pbr/internal/codegen/plugin.go:168.2,172.16 3 0
github.com/greatliontech/pbr/internal/codegen/plugin.go:172.16,174.3 1 0
github.com/greatliontech/pbr/internal/codegen/plugin.go:177.2,178.16 2 0
github.com/greatliontech/pbr/internal/codegen/plugin.go:178.16,180.3 1 0
github.com/greatliontech/pbr/internal/codegen/plugin.go:183.2,183.22 1 0
github.com/greatliontech/pbr/internal/codegen/plugin.go:183.22,186.3 2 0
github.com/greatliontech/pbr/internal/codegen/plugin.go:189.2,189.36 1 0
github.com/greatliontech/pbr/internal/codegen/plugin.go:189.36,191.3 1 0
github.com/greatliontech/pbr/internal/codegen/plugin.go:193.2,193.23 1 0
github.com/greatliontech/pbr/internal/codegen/plugin.go:193.23,195.3 1 0
github.com/greatliontech/pbr/internal/codegen/plugin.go:198.2,199.54 2 0
github.com/greatliontech/pbr/internal/codegen/plugin.go:199.54,201.3 1 0
github.com/greatliontech/pbr/internal/codegen/plugin.go:203.2,203.17 1 0
github.com/greatliontech/pbr/internal/codegen/plugin.go:208.36,210.19 2 0
github.com/greatliontech/pbr/internal/codegen/plugin.go:210.19,212.3 1 0
github.com/greatliontech/pbr/internal/codegen/plugin.go:213.2,213.18 1 0
github.com/greatliontech/pbr/cmd/pbr/main.go:20.13,32.16 7 0
github.com/greatliontech/pbr/cmd/pbr/main.go:32.16,35.3 2 0
github.com/greatliontech/pbr/cmd/pbr/main.go:37.2,39.22 3 0
github.com/greatliontech/pbr/cmd/pbr/main.go:39.22,40.68 1 0
github.com/greatliontech/pbr/cmd/pbr/main.go:40.68,43.4 2 0
github.com/greatliontech/pbr/cmd/pbr/main.go:46.2,58.16 5 0
github.com/greatliontech/pbr/cmd/pbr/main.go:58.16,61.3 2 0
github.com/greatliontech/pbr/cmd/pbr/main.go:63.2,64.16 2 0
github.com/greatliontech/pbr/cmd/pbr/main.go:64.16,67.3 2 0
github.com/greatliontech/pbr/cmd/pbr/main.go:69.2,71.12 2 0
github.com/greatliontech/pbr/cmd/pbr/main.go:71.12,72.40 1 0
github.com/greatliontech/pbr/cmd/pbr/main.go:72.40,75.4 2 0
github.com/greatliontech/pbr/cmd/pbr/main.go:79.2,83.61 4 0
github.com/greatliontech/pbr/cmd/pbr/main.go:83.61,85.17 2 0
github.com/greatliontech/pbr/cmd/pbr/main.go:85.17,87.4 1 0
github.com/greatliontech/pbr/cmd/pbr/main.go:90.2,93.42 3 0
github.com/greatliontech/pbr/cmd/pbr/main.go:93.42,95.3 1 0
github.com/greatliontech/pbr/cmd/pbr/main.go:97.2,97.41 1 0
github.com/greatliontech/pbr/cmd/pbr/main.go:97.41,99.3 1 0
github.com/greatliontech/pbr/cmd/pbr/main.go:102.79,112.41 1 0
github.com/greatliontech/pbr/cmd/pbr/main.go:112.41,114.3 1 0
github.com/greatliontech/pbr/internal/util/id.go:8.34,10.2 1 1
github.com/greatliontech/pbr/internal/util/id.go:12.44,14.2 1 1
github.com/greatliontech/pbr/internal/util/id.go:16.36,25.25 3 1
github.com/greatliontech/pbr/internal/util/id.go:25.25,27.3 1 1
github.com/greatliontech/pbr/internal/util/id.go:29.2,29.18 1 1
github.com/greatliontech/pbr/internal/util/map.go:9.39,9.58 1 0
github.com/greatliontech/pbr/internal/util/map.go:11.56,13.9 2 0
github.com/greatliontech/pbr/internal/util/map.go:13.9,15.3 1 0
github.com/greatliontech/pbr/internal/util/map.go:16.2,16.18 1 0
github.com/greatliontech/pbr/internal/util/map.go:19.69,21.13 2 0
github.com/greatliontech/pbr/internal/util/map.go:21.13,23.3 1 0
github.com/greatliontech/pbr/internal/util/map.go:24.2,24.22 1 0
github.com/greatliontech/pbr/internal/util/map.go:27.77,30.2 2 0
github.com/greatliontech/pbr/internal/util/map.go:32.60,33.38 1 0
github.com/greatliontech/pbr/internal/util/map.go:33.38,33.70 1 0
github.com/greatliontech/pbr/internal/util/map.go:36.47,36.72 1 0
github.com/greatliontech/pbr/internal/storage/filesystem/blob.go:20.47,22.2 1 1
github.com/greatliontech/pbr/internal/storage/filesystem/blob.go:25.60,27.18 2 1
github.com/greatliontech/pbr/internal/storage/filesystem/blob.go:27.18,29.3 1 0
github.com/greatliontech/pbr/internal/storage/filesystem/blob.go:31.2,31.66 1 1
github.com/greatliontech/pbr/internal/storage/filesystem/blob.go:35.92,38.16 3 1
github.com/greatliontech/pbr/internal/storage/filesystem/blob.go:38.16,39.25 1 1
github.com/greatliontech/pbr/internal/storage/filesystem/blob.go:39.25,41.4 1 1
github.com/greatliontech/pbr/internal/storage/filesystem/blob.go:42.3,42.18 1 0
github.com/greatliontech/pbr/internal/storage/filesystem/blob.go:44.2,44.15 1 1
github.com/greatliontech/pbr/internal/storage/filesystem/blob.go:48.83,50.54 1 1
github.com/greatliontech/pbr/internal/storage/filesystem/blob.go:50.54,52.3 1 0
github.com/greatliontech/pbr/internal/storage/filesystem/blob.go:54.2,55.16 2 1
github.com/greatliontech/pbr/internal/storage/filesystem/blob.go:55.16,57.3 1 0
github.com/greatliontech/pbr/internal/storage/filesystem/blob.go:58.2,59.15 2 1
github.com/greatliontech/pbr/internal/storage/filesystem/blob.go:59.15,61.21 1 1
github.com/greatliontech/pbr/internal/storage/filesystem/blob.go:61.21,64.4 2 0
github.com/greatliontech/pbr/internal/storage/filesystem/blob.go:68.2,71.41 3 1
github.com/greatliontech/pbr/internal/storage/filesystem/blob.go:71.41,73.3 1 0
github.com/greatliontech/pbr/internal/storage/filesystem/blob.go:75.2,75.40 1 1
github.com/greatliontech/pbr/internal/storage/filesystem/blob.go:75.40,77.3 1 0
github.com/greatliontech/pbr/internal/storage/filesystem/blob.go:80.2,90.67 5 1
github.com/greatliontech/pbr/internal/storage/filesystem/blob.go:90.67,92.3 1 0
github.com/greatliontech/pbr/internal/storage/filesystem/blob.go:95.2,95.46 1 1
github.com/greatliontech/pbr/internal/storage/filesystem/blob.go:95.46,100.3 3 1
github.com/greatliontech/pbr/internal/storage/filesystem/blob.go:102.2,102.54 1 1
github.com/greatliontech/pbr/internal/storage/filesystem/blob.go:102.54,104.3 1 0
github.com/greatliontech/pbr/internal/storage/filesystem/blob.go:106.2,107.20 2 1
github.com/greatliontech/pbr/internal/storage/filesystem/blob.go:111.86,114.16 3 1
github.com/greatliontech/pbr/internal/storage/filesystem/blob.go:114.16,116.3 1 1
github.com/greatliontech/pbr/internal/storage/filesystem/blob.go:117.2,117.24 1 1
github.com/greatliontech/pbr/internal/storage/filesystem/blob.go:117.24,119.3 1 1
github.com/greatliontech/pbr/internal/storage/filesystem/blob.go:120.2,120.19 1 0
github.com/greatliontech/pbr/internal/storage/filesystem/blob.go:124.78,127.38 3 1
github.com/greatliontech/pbr/internal/storage/filesystem/blob.go:127.38,129.3 1 1
github.com/greatliontech/pbr/internal/storage/filesystem/blob.go:130.2,130.12 1 1
github.com/greatliontech/pbr/internal/storage/filesystem/manifest.go:23.55,25.2 1 1
github.com/greatliontech/pbr/internal/storage/filesystem/manifest.go:28.68,30.18 2 1
github.com/greatliontech/pbr/internal/storage/filesystem/manifest.go:30.18,32.3 1 0
github.com/greatliontech/pbr/internal/storage/filesystem/manifest.go:33.2,33.66 1 1
github.com/greatliontech/pbr/internal/storage/filesystem/manifest.go:38.52,42.42 3 1
github.com/greatliontech/pbr/internal/storage/filesystem/manifest.go:42.42,44.3 1 1
github.com/greatliontech/pbr/internal/storage/filesystem/manifest.go:46.2,47.32 2 1
github.com/greatliontech/pbr/internal/storage/filesystem/manifest.go:47.32,49.3 1 1
github.com/greatliontech/pbr/internal/storage/filesystem/manifest.go:50.2,50.20 1 1
github.com/greatliontech/pbr/internal/storage/filesystem/manifest.go:54.63,57.21 3 1
github.com/greatliontech/pbr/internal/storage/filesystem/manifest.go:57.21,59.17 2 1
github.com/greatliontech/pbr/internal/storage/filesystem/manifest.go:59.17,60.12 1 0
github.com/greatliontech/pbr/internal/storage/filesystem/manifest.go:63.3,64.22 2 1
github.com/greatliontech/pbr/internal/storage/filesystem/manifest.go:64.22,66.4 1 0
github.com/greatliontech/pbr/internal/storage/filesystem/manifest.go:67.3,68.17 2 1
github.com/greatliontech/pbr/internal/storage/filesystem/manifest.go:68.17,70.4 1 0
github.com/greatliontech/pbr/internal/storage/filesystem/manifest.go:71.3,74.5 1 1
github.com/greatliontech/pbr/internal/storage/filesystem/manifest.go:76.2,76.38 1 1
github.com/greatliontech/pbr/internal/storage/filesystem/manifest.go:76.38,78.3 1 0
github.com/greatliontech/pbr/internal/storage/filesystem/manifest.go:79.2,79.15 1 1
github.com/greatliontech/pbr/internal/storage/filesystem/manifest.go:83.51,92.2 5 1
github.com/greatliontech/pbr/internal/storage/filesystem/manifest.go:95.108,98.16 3 1
github.com/greatliontech/pbr/internal/storage/filesystem/manifest.go:98.16,99.25 1 1
github.com/greatliontech/pbr/internal/storage/filesystem/manifest.go:99.25,101.4 1 1
github.com/greatliontech/pbr/internal/storage/filesystem/manifest.go:102.3,102.18 1 0
github.com/greatliontech/pbr/internal/storage/filesystem/manifest.go:104.2,104.39 1 1
github.com/greatliontech/pbr/internal/storage/filesystem/manifest.go:108.110,115.41 4 1
github.com/greatliontech/pbr/internal/storage/filesystem/manifest.go:115.41,117.3 1 1
github.com/greatliontech/pbr/internal/storage/filesystem/manifest.go:120.2,120.62 1 1
github.com/greatliontech/pbr/internal/storage/filesystem/manifest.go:120.62,122.3 1 0
github.com/greatliontech/pbr/internal/storage/filesystem/manifest.go:125.2,126.16 2 1
github.com/greatliontech/pbr/internal/storage/filesystem/manifest.go:126.16,128.3 1 0
github.com/greatliontech/pbr/internal/storage/filesystem/manifest.go:129.2,131.56 2 1
github.com/greatliontech/pbr/internal/storage/filesystem/manifest.go:131.56,135.3 3 0
github.com/greatliontech/pbr/internal/storage/filesystem/manifest.go:137.2,137.40 1 1
github.com/greatliontech/pbr/internal/storage/filesystem/manifest.go:137.40,140.3 2 0
github.com/greatliontech/pbr/internal/storage/filesystem/manifest.go:142.2,142.49 1 1
github.com/greatliontech/pbr/internal/storage/filesystem/manifest.go:142.49,145.3 2 0
github.com/greatliontech/pbr/internal/storage/filesystem/manifest.go:147.2,147.20 1 1
github.com/greatliontech/pbr/internal/storage/filesystem/manifest.go:151.90,154.16 3 1
github.com/greatliontech/pbr/internal/storage/filesystem/manifest.go:154.16,156.3 1 1
github.com/greatliontech/pbr/internal/storage/filesystem/manifest.go:157.2,157.24 1 1
github.com/greatliontech/pbr/internal/storage/filesystem/manifest.go:157.24,159.3 1 1
github.com/greatliontech/pbr/internal/storage/filesystem/manifest.go:160.2,160.19 1 0
github.com/greatliontech/pbr/internal/storage/filesystem/metadata.go:30.55,32.2 1 1
github.com/greatliontech/pbr/internal/storage/filesystem/metadata.go:35.49,37.16 2 1
github.com/greatliontech/pbr/internal/storage/filesystem/metadata.go:37.16,39.3 1 1
github.com/greatliontech/pbr/internal/storage/filesystem/metadata.go:40.2,40.32 1 1
github.com/greatliontech/pbr/internal/storage/filesystem/metadata.go:44.50,45.62 1 1
github.com/greatliontech/pbr/internal/storage/filesystem/metadata.go:45.62,47.3 1 0
github.com/greatliontech/pbr/internal/storage/filesystem/metadata.go:49.2,50.16 2 1
github.com/greatliontech/pbr/internal/storage/filesystem/metadata.go:50.16,52.3 1 0
github.com/greatliontech/pbr/internal/storage/filesystem/metadata.go:54.2,55.16 2 1
github.com/greatliontech/pbr/internal/storage/filesystem/metadata.go:55.16,57.3 1 0
github.com/greatliontech/pbr/internal/storage/filesystem/metadata.go:58.2,60.47 2 1
github.com/greatliontech/pbr/internal/storage/filesystem/metadata.go:60.47,64.3 3 0
github.com/greatliontech/pbr/internal/storage/filesystem/metadata.go:66.2,66.40 1 1
github.com/greatliontech/pbr/internal/storage/filesystem/metadata.go:66.40,69.3 2 0
github.com/greatliontech/pbr/internal/storage/filesystem/metadata.go:71.2,71.33 1 1
github.com/greatliontech/pbr/internal/storage/filesystem/metadata.go:76.53,78.2 1 1
github.com/greatliontech/pbr/internal/storage/filesystem/metadata.go:80.96,85.58 4 1
github.com/greatliontech/pbr/internal/storage/filesystem/metadata.go:85.58,86.25 1 0
github.com/greatliontech/pbr/internal/storage/filesystem/metadata.go:86.25,88.4 1 0
github.com/greatliontech/pbr/internal/storage/filesystem/metadata.go:89.3,89.18 1 0
github.com/greatliontech/pbr/internal/storage/filesystem/metadata.go:91.2,91.20 1 1
github.com/greatliontech/pbr/internal/storage/filesystem/metadata.go:94.104,101.16 5 1
github.com/greatliontech/pbr/internal/storage/filesystem/metadata.go:101.16,102.25 1 0
github.com/greatliontech/pbr/internal/storage/filesystem/metadata.go:102.25,104.4 1 0
github.com/greatliontech/pbr/internal/storage/filesystem/metadata.go:105.3,105.18 1 0
github.com/greatliontech/pbr/internal/storage/filesystem/metadata.go:108.2,108.32 1 1
github.com/greatliontech/pbr/internal/storage/filesystem/metadata.go:108.32,109.20 1 1
github.com/greatliontech/pbr/internal/storage/filesystem/metadata.go:109.20,110.12 1 0
github.com/greatliontech/pbr/internal/storage/filesystem/metadata.go:112.3,113.82 2 1
github.com/greatliontech/pbr/internal/storage/filesystem/metadata.go:113.82,114.12 1 0
github.com/greatliontech/pbr/internal/storage/filesystem/metadata.go:116.3,116.25 1 1
github.com/greatliontech/pbr/internal/storage/filesystem/metadata.go:116.25,118.4 1 1
github.com/greatliontech/pbr/internal/storage/filesystem/metadata.go:120.2,120.33 1 0
github.com/greatliontech/pbr/internal/storage/filesystem/metadata.go:123.92,128.41 4 1
github.com/greatliontech/pbr/internal/storage/filesystem/metadata.go:128.41,130.3 1 1
github.com/greatliontech/pbr/internal/storage/filesystem/metadata.go:132.2,132.31 1 1
github.com/greatliontech/pbr/internal/storage/filesystem/metadata.go:135.89,141.16 5 1
github.com/greatliontech/pbr/internal/storage/filesystem/metadata.go:141.16,142.25 1 0
github.com/greatliontech/pbr/internal/storage/filesystem/metadata.go:142.25,144.4 1 0
github.com/greatliontech/pbr/internal/storage/filesystem/metadata.go:145.3,145.18 1 0
github.com/greatliontech/pbr/internal/storage/filesystem/metadata.go:148.2,149.32 2 1
github.com/greatliontech/pbr/internal/storage/filesystem/metadata.go:149.32,150.20 1 1
github.com/greatliontech/pbr/internal/storage/filesystem/metadata.go:150.20,151.12 1 0
github.com/greatliontech/pbr/internal/storage/filesystem/metadata.go:153.3,154.82 2 1
github.com/greatliontech/pbr/internal/storage/filesystem/metadata.go:154.82,155.12 1 0
github.com/greatliontech/pbr/internal/storage/filesystem/metadata.go:157.3,157.34 1 1
github.com/greatliontech/pbr/internal/storage/filesystem/metadata.go:159.2,159.20 1 1
github.com/greatliontech/pbr/internal/storage/filesystem/metadata.go:164.54,166.2 1 1
github.com/greatliontech/pbr/internal/storage/filesystem/metadata.go:168.70,170.2 1 1
github.com/greatliontech/pbr/internal/storage/filesystem/metadata.go:172.98,177.60 4 1
github.com/greatliontech/pbr/internal/storage/filesystem/metadata.go:177.60,178.25 1 1
github.com/greatliontech/pbr/internal/storage/filesystem/metadata.go:178.25,180.4 1 1
github.com/greatliontech/pbr/internal/storage/filesystem/metadata.go:181.3,181.18 1 0
github.com/greatliontech/pbr/internal/storage/filesystem/metadata.go:183.2,183.21 1 1
github.com/greatliontech/pbr/internal/storage/filesystem/metadata.go:186.113,193.16 5 1
github.com/greatliontech/pbr/internal/storage/filesystem/metadata.go:193.16,194.25 1 0
github.com/greatliontech/pbr/internal/storage/filesystem/metadata.go:194.25,196.4 1 0
github.com/greatliontech/pbr/internal/storage/filesystem/metadata.go:197.3,197.18 1 0
github.com/greatliontech/pbr/internal/storage/filesystem/metadata.go:200.2,200.32 1 1
github.com/greatliontech/pbr/internal/storage/filesystem/metadata.go:200.32,201.20 1 1
github.com/greatliontech/pbr/internal/storage/filesystem/metadata.go:201.20,202.12 1 0
github.com/greatliontech/pbr/internal/storage/filesystem/metadata.go:204.3,205.84 2 1
github.com/greatliontech/pbr/internal/storage/filesystem/metadata.go:205.84,206.12 1 0
github.com/greatliontech/pbr/internal/storage/filesystem/metadata.go:208.3,208.51 1 1
github.com/greatliontech/pbr/internal/storage/filesystem/metadata.go:208.51,210.4 1 1
github.com/greatliontech/pbr/internal/storage/filesystem/metadata.go:212.2,212.33 1 0
github.com/greatliontech/pbr/internal/storage/filesystem/metadata.go:215.107,222.56 5 1
github.com/greatliontech/pbr/internal/storage/filesystem/metadata.go:222.56,223.25 1 0
github.com/greatliontech/pbr/internal/storage/filesystem/metadata.go:223.25,225.4 1 0
github.com/greatliontech/pbr/internal/storage/filesystem/metadata.go:226.3,226.18 1 0
github.com/greatliontech/pbr/internal/storage/filesystem/metadata.go:229.2,230.31 2 1
github.com/greatliontech/pbr/internal/storage/filesystem/metadata.go:230.31,232.61 2 1
github.com/greatliontech/pbr/internal/storage/filesystem/metadata.go:232.61,233.12 1 0
github.com/greatliontech/pbr/internal/storage/filesystem/metadata.go:235.3,235.37 1 1
github.com/greatliontech/pbr/internal/storage/filesystem/metadata.go:237.2,237.21 1 1
github.com/greatliontech/pbr/internal/storage/filesystem/metadata.go:240.95,245.41 4 1
github.com/greatliontech/pbr/internal/storage/filesystem/metadata.go:245.41,247.3 1 0
github.com/greatliontech/pbr/internal/storage/filesystem/metadata.go:249.2,249.48 1 1
github.com/greatliontech/pbr/internal/storage/filesystem/metadata.go:249.48,251.3 1 0
github.com/greatliontech/pbr/internal/storage/filesystem/metadata.go:254.2,254.60 1 1
github.com/greatliontech/pbr/internal/storage/filesystem/metadata.go:257.80,261.79 3 1
github.com/greatliontech/pbr/internal/storage/filesystem/metadata.go:261.79,263.3 1 0
github.com/greatliontech/pbr/internal/storage/filesystem/metadata.go:266.2,266.31 1 1
github.com/greatliontech/pbr/internal/storage/filesystem/metadata.go:266.31,267.21 1 0
github.com/greatliontech/pbr/internal/storage/filesystem/metadata.go:267.21,269.4 1 0
github.com/greatliontech/pbr/internal/storage/filesystem/metadata.go:272.2,273.40 2 1
github.com/greatliontech/pbr/internal/storage/filesystem/metadata.go:276.95,281.49 4 1
github.com/greatliontech/pbr/internal/storage/filesystem/metadata.go:281.49,283.3 1 0
github.com/greatliontech/pbr/internal/storage/filesystem/metadata.go:285.2,285.32 1 1
github.com/greatliontech/pbr/internal/storage/filesystem/metadata.go:288.76,294.60 4 1
github.com/greatliontech/pbr/internal/storage/filesystem/metadata.go:294.60,295.25 1 0
github.com/greatliontech/pbr/internal/storage/filesystem/metadata.go:295.25,297.4 1 0
github.com/greatliontech/pbr/internal/storage/filesystem/metadata.go:298.3,298.13 1 0
github.com/greatliontech/pbr/internal/storage/filesystem/metadata.go:302.2,302.74 1 1
github.com/greatliontech/pbr/internal/storage/filesystem/metadata.go:302.74,304.3 1 0
github.com/greatliontech/pbr/internal/storage/filesystem/metadata.go:307.2,307.36 1 1
github.com/greatliontech/pbr/internal/storage/filesystem/metadata.go:310.85,314.56 3 1
github.com/greatliontech/pbr/internal/storage/filesystem/metadata.go:314.56,315.25 1 0
github.com/greatliontech/pbr/internal/storage/filesystem/metadata.go:315.25,317.4 1 0
github.com/greatliontech/pbr/internal/storage/filesystem/metadata.go:318.3,318.13 1 0
github.com/greatliontech/pbr/internal/storage/filesystem/metadata.go:322.2,323.31 2 1
github.com/greatliontech/pbr/internal/storage/filesystem/metadata.go:323.31,324.21 1 1
github.com/greatliontech/pbr/internal/storage/filesystem/metadata.go:324.21,326.4 1 0
github.com/greatliontech/pbr/internal/storage/filesystem/metadata.go:329.2,329.22 1 1
github.com/greatliontech/pbr/internal/storage/filesystem/metadata.go:329.22,331.3 1 1
github.com/greatliontech/pbr/internal/storage/filesystem/metadata.go:333.2,333.37 1 0
github.com/greatliontech/pbr/internal/storage/filesystem/metadata.go:338.54,340.2 1 1
github.com/greatliontech/pbr/internal/storage/filesystem/metadata.go:342.72,344.2 1 1
github.com/greatliontech/pbr/internal/storage/filesystem/metadata.go:357.56,367.2 1 1
github.com/greatliontech/pbr/internal/storage/filesystem/metadata.go:369.68,371.16 2 1
github.com/greatliontech/pbr/internal/storage/filesystem/metadata.go:371.16,373.3 1 0
github.com/greatliontech/pbr/internal/storage/filesystem/metadata.go:374.2,375.25 2 1
github.com/greatliontech/pbr/internal/storage/filesystem/metadata.go:375.25,377.17 2 1
github.com/greatliontech/pbr/internal/storage/filesystem/metadata.go:377.17,379.4 1 0
github.com/greatliontech/pbr/internal/storage/filesystem/metadata.go:381.2,389.8 1 1
github.com/greatliontech/pbr/internal/storage/filesystem/metadata.go:392.98,397.56 4 1
github.com/greatliontech/pbr/internal/storage/filesystem/metadata.go:397.56,398.25 1 0
github.com/greatliontech/pbr/internal/storage/filesystem/metadata.go:398.25,400.4 1 0
github.com/greatliontech/pbr/internal/storage/filesystem/metadata.go:401.3,401.18 1 0
github.com/greatliontech/pbr/internal/storage/filesystem/metadata.go:403.2,403.28 1 1
github.com/greatliontech/pbr/internal/storage/filesystem/metadata.go:406.118,413.16 5 1
github.com/greatliontech/pbr/internal/storage/filesystem/metadata.go:413.16,414.25 1 0
github.com/greatliontech/pbr/internal/storage/filesystem/metadata.go:414.25,416.4 1 0
github.com/greatliontech/pbr/internal/storage/filesystem/metadata.go:417.3,417.18 1 0
github.com/greatliontech/pbr/internal/storage/filesystem/metadata.go:420.2,421.32 2 1
github.com/greatliontech/pbr/internal/storage/filesystem/metadata.go:421.32,422.20 1 1
github.com/greatliontech/pbr/internal/storage/filesystem/metadata.go:422.20,423.12 1 0
github.com/greatliontech/pbr/internal/storage/filesystem/metadata.go:425.3,426.80 2 1
github.com/greatliontech/pbr/internal/storage/filesystem/metadata.go:426.80,427.12 1 0
github.com/greatliontech/pbr/internal/storage/filesystem/metadata.go:429.3,429.37 1 1
github.com/greatliontech/pbr/internal/storage/filesystem/metadata.go:429.37,431.4 1 1
github.com/greatliontech/pbr/internal/storage/filesystem/metadata.go:433.2,433.33 1 0
github.com/greatliontech/pbr/internal/storage/filesystem/metadata.go:436.145,443.56 5 1
github.com/greatliontech/pbr/internal/storage/filesystem/metadata.go:443.56,444.25 1 0
github.com/greatliontech/pbr/internal/storage/filesystem/metadata.go:444.25,446.4 1 0
github.com/greatliontech/pbr/internal/storage/filesystem/metadata.go:447.3,447.22 1 0
github.com/greatliontech/pbr/internal/storage/filesystem/metadata.go:451.2,455.21 3 1
github.com/greatliontech/pbr/internal/storage/filesystem/metadata.go:455.21,456.32 1 0
github.com/greatliontech/pbr/internal/storage/filesystem/metadata.go:456.32,457.23 1 0
github.com/greatliontech/pbr/internal/storage/filesystem/metadata.go:457.23,459.10 2 0
github.com/greatliontech/pbr/internal/storage/filesystem/metadata.go:464.2,464.16 1 1
github.com/greatliontech/pbr/internal/storage/filesystem/metadata.go:464.16,466.3 1 0
github.com/greatliontech/pbr/internal/storage/filesystem/metadata.go:468.2,471.69 3 1
github.com/greatliontech/pbr/internal/storage/filesystem/metadata.go:471.69,473.67 2 1
github.com/greatliontech/pbr/internal/storage/filesystem/metadata.go:473.67,474.12 1 0
github.com/greatliontech/pbr/internal/storage/filesystem/metadata.go:476.3,477.17 2 1
github.com/greatliontech/pbr/internal/storage/filesystem/metadata.go:477.17,478.12 1 0
github.com/greatliontech/pbr/internal/storage/filesystem/metadata.go:480.3,481.52 2 1
github.com/greatliontech/pbr/internal/storage/filesystem/metadata.go:481.52,483.4 1 0
github.com/greatliontech/pbr/internal/storage/filesystem/metadata.go:486.2,486.32 1 1
github.com/greatliontech/pbr/internal/storage/filesystem/metadata.go:489.95,494.41 4 1
github.com/greatliontech/pbr/internal/storage/filesystem/metadata.go:494.41,497.3 1 1
github.com/greatliontech/pbr/internal/storage/filesystem/metadata.go:499.2,500.44 2 1
github.com/greatliontech/pbr/internal/storage/filesystem/metadata.go:500.44,502.3 1 0
github.com/greatliontech/pbr/internal/storage/filesystem/metadata.go:505.2,505.62 1 1
github.com/greatliontech/pbr/internal/storage/filesystem/metadata.go:508.82,512.79 3 1
github.com/greatliontech/pbr/internal/storage/filesystem/metadata.go:512.79,514.3 1 0
github.com/greatliontech/pbr/internal/storage/filesystem/metadata.go:517.2,517.31 1 1
github.com/greatliontech/pbr/internal/storage/filesystem/metadata.go:517.31,518.21 1 0
github.com/greatliontech/pbr/internal/storage/filesystem/metadata.go:518.21,520.4 1 0
github.com/greatliontech/pbr/internal/storage/filesystem/metadata.go:523.2,524.40 2 1
github.com/greatliontech/pbr/internal/storage/filesystem/metadata.go:529.65,531.2 1 1
github.com/greatliontech/pbr/internal/storage/filesystem/metadata.go:533.108,538.70 4 1
github.com/greatliontech/pbr/internal/storage/filesystem/metadata.go:538.70,539.25 1 1
github.com/greatliontech/pbr/internal/storage/filesystem/metadata.go:539.25,541.4 1 1
github.com/greatliontech/pbr/internal/storage/filesystem/metadata.go:542.3,542.18 1 0
github.com/greatliontech/pbr/internal/storage/filesystem/metadata.go:544.2,544.20 1 1
github.com/greatliontech/pbr/internal/storage/filesystem/metadata.go:547.106,553.16 5 1
github.com/greatliontech/pbr/internal/storage/filesystem/metadata.go:553.16,554.25 1 0
github.com/greatliontech/pbr/internal/storage/filesystem/metadata.go:554.25,556.4 1 0
github.com/greatliontech/pbr/internal/storage/filesystem/metadata.go:557.3,557.18 1 0
github.com/greatliontech/pbr/internal/storage/filesystem/metadata.go:560.2,561.32 2 1
github.com/greatliontech/pbr/internal/storage/filesystem/metadata.go:561.32,562.20 1 1
github.com/greatliontech/pbr/internal/storage/filesystem/metadata.go:562.20,563.12 1 0
github.com/greatliontech/pbr/internal/storage/filesystem/metadata.go:565.3,566.82 2 1
github.com/greatliontech/pbr/internal/storage/filesystem/metadata.go:566.82,567.12 1 0
github.com/greatliontech/pbr/internal/storage/filesystem/metadata.go:569.3,569.34 1 1
github.com/greatliontech/pbr/internal/storage/filesystem/metadata.go:571.2,571.20 1 1
github.com/greatliontech/pbr/internal/storage/filesystem/metadata.go:574.100,579.2 3 1
github.com/greatliontech/pbr/internal/storage/filesystem/metadata.go:581.87,587.38 5 1
github.com/greatliontech/pbr/internal/storage/filesystem/metadata.go:587.38,589.3 1 0
github.com/greatliontech/pbr/internal/storage/filesystem/metadata.go:590.2,590.12 1 1
github.com/greatliontech/pbr/internal/service/code-generation.go:17.181,20.39 2 0
github.com/greatliontech/pbr/internal/service/code-generation.go:20.39,28.62 3 0
github.com/greatliontech/pbr/internal/service/code-generation.go:28.62,31.4 2 0
github.com/greatliontech/pbr/internal/service/code-generation.go:34.2,37.43 3 0
github.com/greatliontech/pbr/internal/service/code-generation.go:37.43,48.17 6 0
github.com/greatliontech/pbr/internal/service/code-generation.go:48.17,50.4 1 0
github.com/greatliontech/pbr/internal/service/code-generation.go:52.3,56.17 3 0
github.com/greatliontech/pbr/internal/service/code-generation.go:56.17,58.4 1 0
github.com/greatliontech/pbr/internal/service/code-generation.go:60.3,62.5 1 0
github.com/greatliontech/pbr/internal/service/code-generation.go:65.2,65.18 1 0
github.com/greatliontech/pbr/internal/service/code-generation.go:68.102,71.9 3 0
github.com/greatliontech/pbr/internal/service/code-generation.go:71.9,73.3 1 0
github.com/greatliontech/pbr/internal/service/code-generation.go:74.2,74.18 1 0
github.com/greatliontech/pbr/internal/service/code-generation.go:77.84,93.2 1 0
github.com/greatliontech/pbr/internal/service/commit.go:17.157,18.23 1 1
github.com/greatliontech/pbr/internal/service/commit.go:18.23,20.3 1 1
github.com/greatliontech/pbr/internal/service/commit.go:22.2,28.43 5 1
github.com/greatliontech/pbr/internal/service/commit.go:28.43,32.34 3 1
github.com/greatliontech/pbr/internal/service/commit.go:33.32,34.46 1 1
github.com/greatliontech/pbr/internal/service/commit.go:35.35,37.41 2 1
github.com/greatliontech/pbr/internal/service/commit.go:38.45,39.32 1 1
github.com/greatliontech/pbr/internal/service/commit.go:40.39,41.26 1 1
github.com/greatliontech/pbr/internal/service/commit.go:43.4,43.79 1 1
github.com/greatliontech/pbr/internal/service/commit.go:46.3,46.17 1 1
github.com/greatliontech/pbr/internal/service/commit.go:46.17,48.4 1 1
github.com/greatliontech/pbr/internal/service/commit.go:50.3,50.52 1 1
github.com/greatliontech/pbr/internal/service/commit.go:53.2,53.18 1 1
github.com/greatliontech/pbr/internal/service/commit.go:56.98,64.16 5 1
github.com/greatliontech/pbr/internal/service/commit.go:64.16,68.3 3 1
github.com/greatliontech/pbr/internal/service/commit.go:70.2,71.16 2 1
github.com/greatliontech/pbr/internal/service/commit.go:71.16,75.3 3 0
github.com/greatliontech/pbr/internal/service/commit.go:77.2,77.97 1 1
github.com/greatliontech/pbr/internal/service/commit.go:80.102,90.16 5 1
github.com/greatliontech/pbr/internal/service/commit.go:90.16,94.3 3 1
github.com/greatliontech/pbr/internal/service/commit.go:96.2,97.16 2 1
github.com/greatliontech/pbr/internal/service/commit.go:97.16,101.3 3 0
github.com/greatliontech/pbr/internal/service/commit.go:103.2,104.16 2 1
github.com/greatliontech/pbr/internal/service/commit.go:104.16,108.3 3 0
github.com/greatliontech/pbr/internal/service/commit.go:110.2,110.18 1 1
github.com/greatliontech/pbr/internal/service/commit.go:114.160,115.23 1 1
github.com/greatliontech/pbr/internal/service/commit.go:115.23,117.3 1 1
github.com/greatliontech/pbr/internal/service/commit.go:119.2,123.49 3 1
github.com/greatliontech/pbr/internal/service/commit.go:124.34,126.25 2 1
github.com/greatliontech/pbr/internal/service/commit.go:127.10,128.126 1 1
github.com/greatliontech/pbr/internal/service/commit.go:131.2,132.16 2 1
github.com/greatliontech/pbr/internal/service/commit.go:132.16,134.3 1 1
github.com/greatliontech/pbr/internal/service/commit.go:137.2,138.19 2 1
github.com/greatliontech/pbr/internal/service/commit.go:138.19,140.3 1 1
github.com/greatliontech/pbr/internal/service/commit.go:142.2,143.16 2 1
github.com/greatliontech/pbr/internal/service/commit.go:143.16,145.3 1 0
github.com/greatliontech/pbr/internal/service/commit.go:147.2,151.33 2 1
github.com/greatliontech/pbr/internal/service/commit.go:151.33,153.17 2 1
github.com/greatliontech/pbr/internal/service/commit.go:153.17,155.4 1 0
github.com/greatliontech/pbr/internal/service/commit.go:156.3,156.41 1 1
github.com/greatliontech/pbr/internal/service/commit.go:159.2,159.39 1 1
github.com/greatliontech/pbr/internal/service/download.go:14.151,15.23 1 1
github.com/greatliontech/pbr/internal/service/download.go:15.23,17.3 1 1
github.com/greatliontech/pbr/internal/service/download.go:19.2,23.37 2 1
github.com/greatliontech/pbr/internal/service/download.go:23.37,26.46 2 1
github.com/greatliontech/pbr/internal/service/download.go:27.32,28.21 1 1
github.com/greatliontech/pbr/internal/service/download.go:29.35,30.108 1 1
github.com/greatliontech/pbr/internal/service/download.go:33.3,36.17 3 1
github.com/greatliontech/pbr/internal/service/download.go:36.17,38.4 1 1
github.com/greatliontech/pbr/internal/service/download.go:40.3,40.57 1 1
github.com/greatliontech/pbr/internal/service/download.go:43.2,43.18 1 1
github.com/greatliontech/pbr/internal/service/download.go:46.121,48.16 2 1
github.com/greatliontech/pbr/internal/service/download.go:48.16,50.3 1 1
github.com/greatliontech/pbr/internal/service/download.go:52.2,55.16 3 1
github.com/greatliontech/pbr/internal/service/download.go:55.16,57.3 1 0
github.com/greatliontech/pbr/internal/service/download.go:59.2,60.16 2 1
github.com/greatliontech/pbr/internal/service/download.go:60.16,62.3 1 0
github.com/greatliontech/pbr/internal/service/download.go:64.2,64.52 1 1
github.com/greatliontech/pbr/internal/service/download.go:67.103,72.29 2 1
github.com/greatliontech/pbr/internal/service/download.go:72.29,73.30 1 1
github.com/greatliontech/pbr/internal/service/download.go:73.30,79.4 2 1
github.com/greatliontech/pbr/internal/service/download.go:80.3,80.30 1 1
github.com/greatliontech/pbr/internal/service/download.go:80.30,86.4 2 1
github.com/greatliontech/pbr/internal/service/download.go:87.3,90.5 1 1
github.com/greatliontech/pbr/internal/service/download.go:93.2,93.17 1 1
github.com/greatliontech/pbr/internal/service/graph.go:24.151,25.23 1 1
github.com/greatliontech/pbr/internal/service/graph.go:25.23,27.3 1 1
github.com/greatliontech/pbr/internal/service/graph.go:29.2,45.43 8 1
github.com/greatliontech/pbr/internal/service/graph.go:45.43,46.46 1 1
github.com/greatliontech/pbr/internal/service/graph.go:47.32,49.18 2 1
github.com/greatliontech/pbr/internal/service/graph.go:49.18,52.5 2 1
github.com/greatliontech/pbr/internal/service/graph.go:53.4,60.6 5 1
github.com/greatliontech/pbr/internal/service/graph.go:61.35,62.108 1 1
github.com/greatliontech/pbr/internal/service/graph.go:66.2,66.32 1 1
github.com/greatliontech/pbr/internal/service/graph.go:66.32,67.125 1 1
github.com/greatliontech/pbr/internal/service/graph.go:67.125,69.4 1 0
github.com/greatliontech/pbr/internal/service/graph.go:73.2,73.32 1 1
github.com/greatliontech/pbr/internal/service/graph.go:73.32,75.3 1 1
github.com/greatliontech/pbr/internal/service/graph.go:76.2,76.44 1 1
github.com/greatliontech/pbr/internal/service/graph.go:76.44,78.3 1 1
github.com/greatliontech/pbr/internal/service/graph.go:80.2,80.18 1 1
github.com/greatliontech/pbr/internal/service/graph.go:83.119,85.16 2 1
github.com/greatliontech/pbr/internal/service/graph.go:85.16,87.3 1 1
github.com/greatliontech/pbr/internal/service/graph.go:89.2,90.16 2 1
github.com/greatliontech/pbr/internal/service/graph.go:90.16,92.3 1 0
github.com/greatliontech/pbr/internal/service/graph.go:94.2,95.16 2 1
github.com/greatliontech/pbr/internal/service/graph.go:95.16,97.3 1 0
github.com/greatliontech/pbr/internal/service/graph.go:99.2,99.70 1 1
github.com/greatliontech/pbr/internal/service/graph.go:102.165,114.16 5 1
github.com/greatliontech/pbr/internal/service/graph.go:114.16,115.32 1 1
github.com/greatliontech/pbr/internal/service/graph.go:115.32,118.4 2 1
github.com/greatliontech/pbr/internal/service/graph.go:119.3,119.13 1 0
github.com/greatliontech/pbr/internal/service/graph.go:122.2,122.27 1 1
github.com/greatliontech/pbr/internal/service/graph.go:122.27,126.33 4 1
github.com/greatliontech/pbr/internal/service/graph.go:126.33,129.4 2 1
github.com/greatliontech/pbr/internal/service/graph.go:129.9,134.18 5 1
github.com/greatliontech/pbr/internal/service/graph.go:134.18,136.5 1 0
github.com/greatliontech/pbr/internal/service/graph.go:137.4,141.6 2 1
github.com/greatliontech/pbr/internal/service/graph.go:143.3,153.34 2 1
github.com/greatliontech/pbr/internal/service/graph.go:153.34,155.18 2 1
github.com/greatliontech/pbr/internal/service/graph.go:155.18,157.5 1 0
github.com/greatliontech/pbr/internal/service/graph.go:160.2,160.12 1 1
github.com/greatliontech/pbr/internal/service/graph.go:174.109,176.16 2 1
github.com/greatliontech/pbr/internal/service/graph.go:176.16,178.3 1 0
github.com/greatliontech/pbr/internal/service/graph.go:180.2,181.16 2 1
github.com/greatliontech/pbr/internal/service/graph.go:181.16,182.42 1 1
github.com/greatliontech/pbr/internal/service/graph.go:182.42,184.4 1 1
github.com/greatliontech/pbr/internal/service/graph.go:185.3,185.18 1 0
github.com/greatliontech/pbr/internal/service/graph.go:188.2,188.41 1 1
github.com/greatliontech/pbr/internal/service/graph.go:191.55,193.28 2 1
github.com/greatliontech/pbr/internal/service/graph.go:193.28,201.3 1 1
github.com/greatliontech/pbr/internal/service/graph.go:202.2,202.13 1 1
github.com/greatliontech/pbr/internal/service/module.go:17.157,18.23 1 1
github.com/greatliontech/pbr/internal/service/module.go:18.23,20.3 1 1
github.com/greatliontech/pbr/internal/service/module.go:22.2,24.41 2 1
github.com/greatliontech/pbr/internal/service/module.go:24.41,28.32 3 1
github.com/greatliontech/pbr/internal/service/module.go:29.30,30.43 1 1
github.com/greatliontech/pbr/internal/service/module.go:31.33,32.21 1 1
github.com/greatliontech/pbr/internal/service/module.go:32.21,34.5 1 1
github.com/greatliontech/pbr/internal/service/module.go:34.10,36.5 1 1
github.com/greatliontech/pbr/internal/service/module.go:37.11,38.53 1 0
github.com/greatliontech/pbr/internal/service/module.go:41.3,41.17 1 1
github.com/greatliontech/pbr/internal/service/module.go:41.17,43.4 1 1
github.com/greatliontech/pbr/internal/service/module.go:45.3,45.51 1 1
github.com/greatliontech/pbr/internal/service/module.go:48.2,48.18 1 1
github.com/greatliontech/pbr/internal/service/module.go:51.92,53.16 2 1
github.com/greatliontech/pbr/internal/service/module.go:53.16,55.3 1 0
github.com/greatliontech/pbr/internal/service/module.go:57.2,63.8 1 1
github.com/greatliontech/pbr/internal/service/module.go:66.103,68.16 2 1
github.com/greatliontech/pbr/internal/service/module.go:68.16,70.3 1 1
github.com/greatliontech/pbr/internal/service/module.go:72.2,77.8 1 1
github.com/greatliontech/pbr/internal/service/module.go:81.160,82.23 1 1
github.com/greatliontech/pbr/internal/service/module.go:82.23,84.3 1 1
github.com/greatliontech/pbr/internal/service/module.go:86.2,91.33 3 1
github.com/greatliontech/pbr/internal/service/module.go:91.33,93.3 1 1
github.com/greatliontech/pbr/internal/service/module.go:95.2,95.45 1 1
github.com/greatliontech/pbr/internal/service/module.go:95.45,98.37 2 1
github.com/greatliontech/pbr/internal/service/module.go:99.29,101.18 2 1
github.com/greatliontech/pbr/internal/service/module.go:101.18,103.5 1 1
github.com/greatliontech/pbr/internal/service/module.go:104.4,104.26 1 1
github.com/greatliontech/pbr/internal/service/module.go:105.31,106.22 1 1
github.com/greatliontech/pbr/internal/service/module.go:107.11,108.105 1 0
github.com/greatliontech/pbr/internal/service/module.go:111.3,112.17 2 1
github.com/greatliontech/pbr/internal/service/module.go:112.17,114.4 1 0
github.com/greatliontech/pbr/internal/service/module.go:116.3,116.31 1 1
github.com/greatliontech/pbr/internal/service/module.go:116.31,123.4 1 1
github.com/greatliontech/pbr/internal/service/module.go:126.2,126.18 1 1
github.com/greatliontech/pbr/internal/service/module.go:130.166,131.23 1 1
github.com/greatliontech/pbr/internal/service/module.go:131.23,133.3 1 1
github.com/greatliontech/pbr/internal/service/module.go:135.2,139.39 3 1
github.com/greatliontech/pbr/internal/service/module.go:139.39,143.43 2 1
github.com/greatliontech/pbr/internal/service/module.go:144.29,146.18 2 0
github.com/greatliontech/pbr/internal/service/module.go:146.18,149.5 1 0
github.com/greatliontech/pbr/internal/service/module.go:150.4,150.26 1 0
github.com/greatliontech/pbr/internal/service/module.go:151.31,152.22 1 1
github.com/greatliontech/pbr/internal/service/module.go:153.11,154.104 1 0
github.com/greatliontech/pbr/internal/service/module.go:158.3,159.17 2 1
github.com/greatliontech/pbr/internal/service/module.go:159.17,160.39 1 0
github.com/greatliontech/pbr/internal/service/module.go:160.39,162.5 1 0
github.com/greatliontech/pbr/internal/service/module.go:163.4,163.59 1 0
github.com/greatliontech/pbr/internal/service/module.go:166.3,172.5 1 1
github.com/greatliontech/pbr/internal/service/module.go:175.2,175.18 1 1
github.com/greatliontech/pbr/internal/service/module.go:179.166,180.23 1 1
github.com/greatliontech/pbr/internal/service/module.go:180.23,182.3 1 1
github.com/greatliontech/pbr/internal/service/module.go:184.2,188.39 3 1
github.com/greatliontech/pbr/internal/service/module.go:188.39,193.44 3 1
github.com/greatliontech/pbr/internal/service/module.go:194.30,197.18 3 1
github.com/greatliontech/pbr/internal/service/module.go:197.18,200.19 2 1
github.com/greatliontech/pbr/internal/service/module.go:200.19,202.6 1 0
github.com/greatliontech/pbr/internal/service/module.go:203.5,211.6 1 1
github.com/greatliontech/pbr/internal/service/module.go:213.4,213.9 1 1
github.com/greatliontech/pbr/internal/service/module.go:214.33,215.21 1 0
github.com/greatliontech/pbr/internal/service/module.go:215.21,218.19 3 0
github.com/greatliontech/pbr/internal/service/module.go:218.19,220.20 2 0
github.com/greatliontech/pbr/internal/service/module.go:220.20,222.7 1 0
github.com/greatliontech/pbr/internal/service/module.go:223.6,231.7 1 0
github.com/greatliontech/pbr/internal/service/module.go:233.5,233.10 1 0
github.com/greatliontech/pbr/internal/service/module.go:237.3,237.17 1 1
github.com/greatliontech/pbr/internal/service/module.go:237.17,239.4 1 1
github.com/greatliontech/pbr/internal/service/module.go:242.3,242.31 1 1
github.com/greatliontech/pbr/internal/service/module.go:242.31,244.4 1 1
github.com/greatliontech/pbr/internal/service/module.go:245.3,245.36 1 1
github.com/greatliontech/pbr/internal/service/module.go:245.36,247.4 1 0
github.com/greatliontech/pbr/internal/service/module.go:251.3,256.5 1 1
github.com/greatliontech/pbr/internal/service/module.go:259.2,259.18 1 1
github.com/greatliontech/pbr/internal/service/module.go:263.166,264.23 1 1
github.com/greatliontech/pbr/internal/service/module.go:264.23,266.3 1 1
github.com/greatliontech/pbr/internal/service/module.go:268.2,272.41 3 1
github.com/greatliontech/pbr/internal/service/module.go:272.41,276.32 3 1
github.com/greatliontech/pbr/internal/service/module.go:277.30,279.18 2 1
github.com/greatliontech/pbr/internal/service/module.go:279.18,281.5 1 0
github.com/greatliontech/pbr/internal/service/module.go:282.4,283.21 2 1
github.com/greatliontech/pbr/internal/service/module.go:284.33,285.21 1 1
github.com/greatliontech/pbr/internal/service/module.go:285.21,288.5 2 1
github.com/greatliontech/pbr/internal/service/module.go:288.10,290.5 1 1
github.com/greatliontech/pbr/internal/service/module.go:291.11,292.106 1 0
github.com/greatliontech/pbr/internal/service/module.go:295.3,296.17 2 1
github.com/greatliontech/pbr/internal/service/module.go:296.17,297.34 1 1
github.com/greatliontech/pbr/internal/service/module.go:297.34,299.13 1 1
github.com/greatliontech/pbr/internal/service/module.go:301.4,301.59 1 0
github.com/greatliontech/pbr/internal/service/module.go:305.2,305.18 1 1
github.com/greatliontech/pbr/internal/service/owners.go:14.144,15.23 1 1
github.com/greatliontech/pbr/internal/service/owners.go:15.23,17.3 1 1
github.com/greatliontech/pbr/internal/service/owners.go:19.2,21.43 2 1
github.com/greatliontech/pbr/internal/service/owners.go:21.43,25.37 3 1
github.com/greatliontech/pbr/internal/service/owners.go:26.24,29.18 3 1
github.com/greatliontech/pbr/internal/service/owners.go:29.18,31.5 1 1
github.com/greatliontech/pbr/internal/service/owners.go:32.4,39.5 1 1
github.com/greatliontech/pbr/internal/service/owners.go:40.26,43.18 3 1
github.com/greatliontech/pbr/internal/service/owners.go:43.18,52.5 1 1
github.com/greatliontech/pbr/internal/service/owners.go:52.10,61.5 1 1
github.com/greatliontech/pbr/internal/service/owners.go:62.11,63.52 1 0
github.com/greatliontech/pbr/internal/service/owners.go:66.3,66.17 1 1
github.com/greatliontech/pbr/internal/service/owners.go:66.17,68.4 1 0
github.com/greatliontech/pbr/internal/service/owners.go:70.3,70.51 1 1
github.com/greatliontech/pbr/internal/service/owners.go:73.2,73.18 1 1
github.com/greatliontech/pbr/internal/service/service.go:35.72,37.2 1 1
github.com/greatliontech/pbr/internal/service/service.go:39.50,41.2 1 1
github.com/greatliontech/pbr/internal/service/service.go:56.46,58.22 1 0
github.com/greatliontech/pbr/internal/service/service.go:58.22,60.3 1 0
github.com/greatliontech/pbr/internal/service/service.go:62.2,70.28 2 0
github.com/greatliontech/pbr/internal/service/service.go:70.28,72.3 1 0
github.com/greatliontech/pbr/internal/service/service.go:74.2,74.44 1 0
github.com/greatliontech/pbr/internal/service/service.go:74.44,76.53 2 0
github.com/greatliontech/pbr/internal/service/service.go:76.53,78.4 1 0
github.com/greatliontech/pbr/internal/service/service.go:79.3,79.26 1 0
github.com/greatliontech/pbr/internal/service/service.go:82.2,82.20 1 0
github.com/greatliontech/pbr/internal/service/service.go:82.20,83.29 1 0
github.com/greatliontech/pbr/internal/service/service.go:83.29,85.4 1 0
github.com/greatliontech/pbr/internal/service/service.go:89.2,90.27 2 0
github.com/greatliontech/pbr/internal/service/service.go:90.27,91.34 1 0
github.com/greatliontech/pbr/internal/service/service.go:91.34,94.4 2 0
github.com/greatliontech/pbr/internal/service/service.go:98.2,99.16 2 0
github.com/greatliontech/pbr/internal/service/service.go:99.16,101.3 1 0
github.com/greatliontech/pbr/internal/service/service.go:102.2,104.37 2 0
github.com/greatliontech/pbr/internal/service/service.go:104.37,106.3 1 0
github.com/greatliontech/pbr/internal/service/service.go:108.2,108.31 1 0
github.com/greatliontech/pbr/internal/service/service.go:108.31,111.3 2 0
github.com/greatliontech/pbr/internal/service/service.go:113.2,113.30 1 0
github.com/greatliontech/pbr/internal/service/service.go:113.30,115.3 1 0
github.com/greatliontech/pbr/internal/service/service.go:118.2,130.16 10 0
github.com/greatliontech/pbr/internal/service/service.go:130.16,132.3 1 0
github.com/greatliontech/pbr/internal/service/service.go:133.2,135.16 2 0
github.com/greatliontech/pbr/internal/service/service.go:135.16,137.3 1 0
github.com/greatliontech/pbr/internal/service/service.go:139.2,149.86 9 0
github.com/greatliontech/pbr/internal/service/service.go:149.86,151.3 1 0
github.com/greatliontech/pbr/internal/service/service.go:152.2,152.85 1 0
github.com/greatliontech/pbr/internal/service/service.go:152.85,154.3 1 0
github.com/greatliontech/pbr/internal/service/service.go:156.2,161.21 2 0
github.com/greatliontech/pbr/internal/service/service.go:161.21,163.3 1 0
github.com/greatliontech/pbr/internal/service/service.go:165.2,165.17 1 0
github.com/greatliontech/pbr/internal/service/service.go:168.54,169.21 1 0
github.com/greatliontech/pbr/internal/service/service.go:169.21,171.64 2 0
github.com/greatliontech/pbr/internal/service/service.go:171.64,173.4 1 0
github.com/greatliontech/pbr/internal/service/service.go:174.3,174.46 1 0
github.com/greatliontech/pbr/internal/service/service.go:176.2,179.71 4 0
github.com/greatliontech/pbr/internal/service/service.go:179.71,181.3 1 0
github.com/greatliontech/pbr/internal/service/service.go:182.2,182.36 1 0
github.com/greatliontech/pbr/internal/service/service.go:185.57,187.2 1 0
github.com/greatliontech/pbr/internal/service/service.go:194.80,195.56 1 0
github.com/greatliontech/pbr/internal/service/service.go:195.56,196.89 1 0
github.com/greatliontech/pbr/internal/service/service.go:196.89,198.17 2 0
github.com/greatliontech/pbr/internal/service/service.go:198.17,200.5 1 0
github.com/greatliontech/pbr/internal/service/service.go:202.4,202.58 1 0
github.com/greatliontech/pbr/internal/service/service.go:202.58,204.5 1 0
github.com/greatliontech/pbr/internal/service/service.go:206.4,207.25 2 0
github.com/greatliontech/pbr/internal/service/service.go:207.25,209.5 1 0
github.com/greatliontech/pbr/internal/service/service.go:211.4,212.11 2 0
github.com/greatliontech/pbr/internal/service/service.go:212.11,214.5 1 0
github.com/greatliontech/pbr/internal/service/service.go:216.4,218.25 2 0
github.com/greatliontech/pbr/internal/service/upload.go:19.54,20.23 1 1
github.com/greatliontech/pbr/internal/service/upload.go:20.23,22.3 1 1
github.com/greatliontech/pbr/internal/service/upload.go:24.2,30.43 3 1
github.com/greatliontech/pbr/internal/service/upload.go:30.43,32.17 2 1
github.com/greatliontech/pbr/internal/service/upload.go:32.17,34.4 1 1
github.com/greatliontech/pbr/internal/service/upload.go:35.3,35.46 1 1
github.com/greatliontech/pbr/internal/service/upload.go:38.2,38.39 1 1
github.com/greatliontech/pbr/internal/service/upload.go:41.121,44.16 2 1
github.com/greatliontech/pbr/internal/service/upload.go:44.16,46.3 1 1
github.com/greatliontech/pbr/internal/service/upload.go:48.2,52.16 3 1
github.com/greatliontech/pbr/internal/service/upload.go:52.16,54.3 1 0
github.com/greatliontech/pbr/internal/service/upload.go:57.2,58.34 2 1
github.com/greatliontech/pbr/internal/service/upload.go:58.34,63.3 1 1
github.com/greatliontech/pbr/internal/service/upload.go:66.2,67.22 2 1
github.com/greatliontech/pbr/internal/service/upload.go:67.22,70.3 1 1
github.com/greatliontech/pbr/internal/service/upload.go:73.2,74.16 2 1
github.com/greatliontech/pbr/internal/service/upload.go:74.16,76.3 1 0
github.com/greatliontech/pbr/internal/service/upload.go:79.2,79.34 1 1
github.com/greatliontech/pbr/internal/service/upload.go:82.94,83.16 1 1
github.com/greatliontech/pbr/internal/service/upload.go:83.16,85.3 1 1
github.com/greatliontech/pbr/internal/service/upload.go:87.2,87.31 1 1
github.com/greatliontech/pbr/internal/service/upload.go:88.29,90.24 1 1
github.com/greatliontech/pbr/internal/service/upload.go:90.24,92.4 1 0
github.com/greatliontech/pbr/internal/service/upload.go:93.3,94.17 2 1
github.com/greatliontech/pbr/internal/service/upload.go:94.17,96.4 1 0
github.com/greatliontech/pbr/internal/service/upload.go:97.3,97.38 1 1
github.com/greatliontech/pbr/internal/service/upload.go:99.32,100.20 1 1
github.com/greatliontech/pbr/internal/service/upload.go:100.20,102.4 1 1
github.com/greatliontech/pbr/internal/service/upload.go:103.3,103.42 1 1
github.com/greatliontech/pbr/internal/service/upload.go:105.10,106.61 1 0
github.com/greatliontech/pbr/internal/service/upload.go:110.76,112.27 2 1
github.com/greatliontech/pbr/internal/service/upload.go:112.27,113.32 1 1
github.com/greatliontech/pbr/internal/service/upload.go:114.37,115.35 1 1
github.com/greatliontech/pbr/internal/service/upload.go:118.2,118.15 1 1
github.com/greatliontech/pbr/internal/service/upload.go:121.80,128.2 1 1
github.com/greatliontech/pbr/internal/service/utils.go:9.80,11.16 2 1
github.com/greatliontech/pbr/internal/service/utils.go:11.16,13.3 1 0
github.com/greatliontech/pbr/internal/service/utils.go:14.2,22.8 1 1
github.com/greatliontech/pbr/internal/telemetry/options.go:20.60,21.26 1 0
github.com/greatliontech/pbr/internal/telemetry/options.go:21.26,23.3 1 0
github.com/greatliontech/pbr/internal/telemetry/options.go:26.58,27.26 1 0
github.com/greatliontech/pbr/internal/telemetry/options.go:27.26,29.3 1 0
github.com/greatliontech/pbr/internal/telemetry/options.go:32.52,33.26 1 0
github.com/greatliontech/pbr/internal/telemetry/options.go:33.26,35.3 1 0
github.com/greatliontech/pbr/internal/telemetry/options.go:38.41,39.26 1 0
github.com/greatliontech/pbr/internal/telemetry/options.go:39.26,41.3 1 0
github.com/greatliontech/pbr/internal/telemetry/options.go:44.47,45.26 1 0
github.com/greatliontech/pbr/internal/telemetry/options.go:45.26,47.3 1 0
github.com/greatliontech/pbr/internal/telemetry/options.go:50.38,51.26 1 0
github.com/greatliontech/pbr/internal/telemetry/options.go:51.26,53.3 1 0
github.com/greatliontech/pbr/internal/telemetry/otel.go:21.99,23.16 2 0
github.com/greatliontech/pbr/internal/telemetry/otel.go:23.16,25.3 1 0
github.com/greatliontech/pbr/internal/telemetry/otel.go:27.2,27.27 1 0
github.com/greatliontech/pbr/internal/telemetry/otel.go:27.27,29.3 1 0
github.com/greatliontech/pbr/internal/telemetry/otel.go:31.2,44.45 3 0
github.com/greatliontech/pbr/internal/telemetry/otel.go:44.45,46.36 2 0
github.com/greatliontech/pbr/internal/telemetry/otel.go:46.36,48.4 1 0
github.com/greatliontech/pbr/internal/telemetry/otel.go:49.3,50.13 2 0
github.com/greatliontech/pbr/internal/telemetry/otel.go:54.2,54.33 1 0
github.com/greatliontech/pbr/internal/telemetry/otel.go:54.33,56.3 1 0
github.com/greatliontech/pbr/internal/telemetry/otel.go:59.2,64.16 4 0
github.com/greatliontech/pbr/internal/telemetry/otel.go:64.16,67.3 2 0
github.com/greatliontech/pbr/internal/telemetry/otel.go:68.2,82.16 4 0
github.com/greatliontech/pbr/internal/telemetry/otel.go:82.16,85.3 2 0
github.com/greatliontech/pbr/internal/telemetry/otel.go:86.2,89.8 3 0
github.com/greatliontech/pbr/internal/telemetry/otel.go:92.41,94.16 2 0
github.com/greatliontech/pbr/internal/telemetry/otel.go:94.16,96.3 1 0
github.com/greatliontech/pbr/internal/telemetry/otel.go:97.2,98.16 2 0
github.com/greatliontech/pbr/internal/telemetry/otel.go:98.16,100.3 1 0
github.com/greatliontech/pbr/internal/telemetry/otel.go:101.2,102.16 2 0
github.com/greatliontech/pbr/internal/telemetry/otel.go:102.16,104.3 1 0
github.com/greatliontech/pbr/internal/telemetry/otel.go:105.2,109.8 1 0
github.com/greatliontech/pbr/internal/telemetry/otel.go:112.52,117.2 1 0
github.com/greatliontech/pbr/internal/telemetry/otel.go:119.93,127.2 2 0
github.com/greatliontech/pbr/internal/telemetry/otel.go:129.93,137.2 2 0
github.com/greatliontech/pbr/internal/telemetry/otel.go:139.92,145.2 2 0
github.com/greatliontech/pbr/internal/storage/storage.go:17.33,19.2 1 0
github.com/greatliontech/pbr/internal/storage/storage.go:22.30,24.2 1 0
github.com/greatliontech/pbr/internal/storage/storage.go:27.40,29.16 2 0
github.com/greatliontech/pbr/internal/storage/storage.go:29.16,31.3 1 0
github.com/greatliontech/pbr/internal/storage/storage.go:32.2,32.14 1 0
github.com/greatliontech/pbr/internal/storage/storage.go:36.44,37.22 1 0
github.com/greatliontech/pbr/internal/storage/storage.go:37.22,38.15 1 0
github.com/greatliontech/pbr/internal/storage/storage.go:38.15,42.18 4 0
github.com/greatliontech/pbr/internal/storage/storage.go:42.18,44.5 1 0
github.com/greatliontech/pbr/internal/storage/storage.go:45.4,45.58 1 0
github.com/greatliontech/pbr/internal/storage/storage.go:48.2,48.80 1 0
